<?xml version="1.0" encoding="UTF-8"?>
<!-- Generated by org.testng.reporters.JUnitReportReporter -->
<testsuite hostname="LAPTOP-MBVVQQFB" failures="0" tests="2" name="jQueryAppTestNg.VerifyDraggablepageofJquery" time="7.578" errors="0" timestamp="2022-05-27T16:07:24 IST" skipped="1">
  <testcase classname="jQueryAppTestNg.VerifyDraggablepageofJquery" name="verifyDraggableTab" time="0.000">
    <skipped/>
  </testcase> <!-- verifyDraggableTab -->
  <system-out/>
  <testcase classname="jQueryAppTestNg.VerifyDraggablepageofJquery" name="verifyDraggableTab" time="7.578"/>
  <system-out/>
</testsuite> <!-- jQueryAppTestNg.VerifyDraggablepageofJquery -->
