<?xml version="1.0" encoding="UTF-8"?>
<!-- Generated by org.testng.reporters.JUnitReportReporter -->
<testsuite hostname="LAPTOP-MBVVQQFB" failures="0" tests="2" name="jQueryAppTestNg.VerifyDroppablePageofJQuery" time="7.275" errors="0" timestamp="2022-05-27T16:07:24 IST" skipped="1">
  <testcase classname="jQueryAppTestNg.VerifyDroppablePageofJQuery" name="verifyDroppableTab" time="7.275"/>
  <system-out/>
  <testcase classname="jQueryAppTestNg.VerifyDroppablePageofJQuery" name="verifyDroppableTab" time="0.000">
    <skipped/>
  </testcase> <!-- verifyDroppableTab -->
  <system-out/>
</testsuite> <!-- jQueryAppTestNg.VerifyDroppablePageofJQuery -->
