<?xml version="1.0" encoding="UTF-8"?>
<!-- Generated by org.testng.reporters.JUnitReportReporter -->
<testsuite hostname="LAPTOP-MBVVQQFB" failures="0" tests="1" name="jQueryApp.VerifyDraggablePageOfJQueryTestNG" time="6.227" errors="0" timestamp="2022-05-19T12:15:50 IST" skipped="0">
  <testcase classname="jQueryApp.VerifyDraggablePageOfJQueryTestNG" name="verifyDraggableTab" time="6.227"/>
  <system-out/>
</testsuite> <!-- jQueryApp.VerifyDraggablePageOfJQueryTestNG -->
