<?xml version="1.0" encoding="UTF-8"?>
<!-- Generated by org.testng.reporters.JUnitReportReporter -->
<testsuite hostname="LAPTOP-MBVVQQFB" failures="0" tests="1" name="jQueryApp.VerifyDemosPageOfJQueryTestNG" time="6.691" errors="0" timestamp="2022-05-19T12:14:34 IST" skipped="0">
  <testcase classname="jQueryApp.VerifyDemosPageOfJQueryTestNG" name="verifyDraggableTab" time="6.691"/>
  <system-out/>
</testsuite> <!-- jQueryApp.VerifyDemosPageOfJQueryTestNG -->
